<?xml version="1.0" encoding="UTF-8"?>
<testng-results ignored="0" total="1" passed="1" failed="0" skipped="0">
  <reporter-output>
  </reporter-output>
  <suite started-at="2021-01-30T03:14:43 EET" name="Default suite" finished-at="2021-01-30T03:15:11 EET" duration-ms="27915">
    <groups>
    </groups>
    <test started-at="2021-01-30T03:14:43 EET" name="Default test" finished-at="2021-01-30T03:15:11 EET" duration-ms="27915">
      <class name="GoogleSearch.IncorrectKeywords">
        <test-method is-config="true" signature="setup()[pri:0, instance:GoogleSearch.IncorrectKeywords@2f54a33d]" started-at="2021-01-30T03:14:43 EET" name="setup" finished-at="2021-01-30T03:14:54 EET" duration-ms="11416" status="PASS">
          <reporter-output>
          </reporter-output>
        </test-method> <!-- setup -->
        <test-method signature="IncorrectKeywords()[pri:9, instance:GoogleSearch.IncorrectKeywords@2f54a33d]" started-at="2021-01-30T03:14:54 EET" name="IncorrectKeywords" finished-at="2021-01-30T03:15:10 EET" duration-ms="15526" status="PASS">
          <reporter-output>
          </reporter-output>
        </test-method> <!-- IncorrectKeywords -->
        <test-method is-config="true" signature="tearDown()[pri:0, instance:GoogleSearch.IncorrectKeywords@2f54a33d]" started-at="2021-01-30T03:15:10 EET" name="tearDown" finished-at="2021-01-30T03:15:10 EET" duration-ms="929" status="PASS">
          <reporter-output>
          </reporter-output>
        </test-method> <!-- tearDown -->
      </class> <!-- GoogleSearch.IncorrectKeywords -->
    </test> <!-- Default test -->
  </suite> <!-- Default suite -->
</testng-results>
